<?xml version="1.0" encoding="UTF-8"?>
<!-- Generated by org.testng.reporters.JUnitReportReporter -->
<testsuite hostname="LaMoricas-MacBook-Air.local" failures="0" tests="9" name="runners.RunnerTest" time="17.624" errors="0" timestamp="2025-10-16T19:36:13 EDT" skipped="0">
  <testcase classname="runners.RunnerTest" name="runScenario" time="1.286"/>
  <testcase classname="runners.RunnerTest" name="runScenario" time="1.535"/>
  <testcase classname="runners.RunnerTest" name="runScenario" time="3.350"/>
  <testcase classname="runners.RunnerTest" name="runScenario" time="2.333"/>
  <testcase classname="runners.RunnerTest" name="runScenario" time="1.403"/>
  <testcase classname="runners.RunnerTest" name="runScenario" time="1.478"/>
  <testcase classname="runners.RunnerTest" name="runScenario" time="3.385"/>
  <testcase classname="runners.RunnerTest" name="runScenario" time="1.435"/>
  <testcase classname="runners.RunnerTest" name="runScenario" time="1.419"/>
</testsuite> <!-- runners.RunnerTest -->
